oculus_VR_Demo/Library/Bee/Android/Prj/Mono2x/Gradle/launcher/build/intermediates/manifest_merge_blame_file/release/manifest-merger-blame-release-report.txt
1<?xml version="1.0" encoding="utf-8"?>
2<manifest xmlns:android="http://schemas.android.com/apk/res/android"
3    package="com.DefaultCompany.oculusDemo"
4    android:installLocation="auto"
5    android:versionCode="1"
6    android:versionName="0.1" >
7
8    <uses-sdk
9        android:minSdkVersion="23"
9-->src/main/AndroidManifest.xml
10        android:targetSdkVersion="30" />
10-->src/main/AndroidManifest.xml
11
12    <supports-screens
12-->src/main/AndroidManifest.xml:3:3-163
13        android:anyDensity="true"
13-->src/main/AndroidManifest.xml:3:135-160
14        android:largeScreens="true"
14-->src/main/AndroidManifest.xml:3:78-105
15        android:normalScreens="true"
15-->src/main/AndroidManifest.xml:3:49-77
16        android:smallScreens="true"
16-->src/main/AndroidManifest.xml:3:21-48
17        android:xlargeScreens="true" />
17-->src/main/AndroidManifest.xml:3:106-134
18
19    <uses-feature android:glEsVersion="0x00030000" />
19-->[:unityLibrary] AndroidManifest.xml:13:5-54
19-->[:unityLibrary] AndroidManifest.xml:13:19-51
20    <uses-feature
20-->[:unityLibrary] AndroidManifest.xml:14:5-16:36
21        android:name="android.hardware.vulkan.version"
21-->[:unityLibrary] AndroidManifest.xml:15:9-55
22        android:required="false" />
22-->[:unityLibrary] AndroidManifest.xml:16:9-33
23
24    <uses-permission android:name="android.permission.INTERNET" />
24-->[:unityLibrary] AndroidManifest.xml:18:5-67
24-->[:unityLibrary] AndroidManifest.xml:18:22-64
25    <uses-permission android:name="android.permission.ACCESS_NETWORK_STATE" />
25-->[:unityLibrary] AndroidManifest.xml:19:5-79
25-->[:unityLibrary] AndroidManifest.xml:19:22-76
26    <uses-permission android:name="android.permission.RECORD_AUDIO" />
26-->[:unityLibrary] AndroidManifest.xml:20:5-71
26-->[:unityLibrary] AndroidManifest.xml:20:22-68
27    <uses-permission android:name="android.permission.MODIFY_AUDIO_SETTINGS" />
27-->[:unityLibrary] AndroidManifest.xml:21:5-80
27-->[:unityLibrary] AndroidManifest.xml:21:22-77
28
29    <uses-feature
29-->[:unityLibrary] AndroidManifest.xml:23:5-25:36
30        android:name="android.hardware.microphone"
30-->[:unityLibrary] AndroidManifest.xml:24:9-51
31        android:required="false" />
31-->[:unityLibrary] AndroidManifest.xml:25:9-33
32    <uses-feature
32-->[:unityLibrary] AndroidManifest.xml:26:5-28:36
33        android:name="android.hardware.touchscreen"
33-->[:unityLibrary] AndroidManifest.xml:27:9-52
34        android:required="false" />
34-->[:unityLibrary] AndroidManifest.xml:28:9-33
35    <uses-feature
35-->[:unityLibrary] AndroidManifest.xml:29:5-31:36
36        android:name="android.hardware.touchscreen.multitouch"
36-->[:unityLibrary] AndroidManifest.xml:30:9-63
37        android:required="false" />
37-->[:unityLibrary] AndroidManifest.xml:31:9-33
38    <uses-feature
38-->[:unityLibrary] AndroidManifest.xml:32:5-34:36
39        android:name="android.hardware.touchscreen.multitouch.distinct"
39-->[:unityLibrary] AndroidManifest.xml:33:9-72
40        android:required="false" />
40-->[:unityLibrary] AndroidManifest.xml:34:9-33
41    <uses-feature
41-->[:unityLibrary] AndroidManifest.xml:35:5-38:31
42        android:name="android.hardware.vr.headtracking"
42-->[:unityLibrary] AndroidManifest.xml:36:9-56
43        android:required="true"
43-->[:unityLibrary] AndroidManifest.xml:37:9-32
44        android:version="1" />
44-->[:unityLibrary] AndroidManifest.xml:38:9-28
45
46    <application
46-->src/main/AndroidManifest.xml:4:3-83
47        android:allowBackup="false"
47-->[:unityLibrary] AndroidManifest.xml:41:9-36
48        android:extractNativeLibs="true"
48-->[:unityLibrary] AndroidManifest.xml:42:9-41
49        android:icon="@mipmap/app_icon"
49-->src/main/AndroidManifest.xml:4:49-80
50        android:label="@string/app_name"
50-->src/main/AndroidManifest.xml:4:16-48
51        android:networkSecurityConfig="@xml/network_sec_config" >
51-->[:unityLibrary] AndroidManifest.xml:45:9-64
52        <activity
52-->[:unityLibrary] AndroidManifest.xml:46:9-70:20
53            android:name="com.unity3d.player.UnityPlayerActivity"
53-->[:unityLibrary] AndroidManifest.xml:47:13-66
54            android:configChanges="keyboard|keyboardHidden|navigation|orientation|screenLayout|screenSize|uiMode"
54-->[:unityLibrary] AndroidManifest.xml:48:13-114
55            android:hardwareAccelerated="false"
55-->[:unityLibrary] AndroidManifest.xml:49:13-48
56            android:launchMode="singleTask"
56-->[:unityLibrary] AndroidManifest.xml:50:13-44
57            android:resizeableActivity="false"
57-->[:unityLibrary] AndroidManifest.xml:51:13-47
58            android:screenOrientation="landscape"
58-->[:unityLibrary] AndroidManifest.xml:52:13-50
59            android:theme="@android:style/Theme.Black.NoTitleBar.Fullscreen" >
59-->[:unityLibrary] AndroidManifest.xml:53:13-77
60            <intent-filter>
60-->[:unityLibrary] AndroidManifest.xml:54:13-59:29
61                <action android:name="android.intent.action.MAIN" />
61-->[:unityLibrary] AndroidManifest.xml:55:17-69
61-->[:unityLibrary] AndroidManifest.xml:55:25-66
62
63                <category android:name="android.intent.category.LAUNCHER" />
63-->[:unityLibrary] AndroidManifest.xml:57:17-77
63-->[:unityLibrary] AndroidManifest.xml:57:27-74
64                <category android:name="com.oculus.intent.category.VR" />
64-->[:unityLibrary] AndroidManifest.xml:58:17-74
64-->[:unityLibrary] AndroidManifest.xml:58:27-71
65            </intent-filter>
66
67            <meta-data
67-->[:unityLibrary] AndroidManifest.xml:61:13-63:40
68                android:name="unityplayer.UnityActivity"
68-->[:unityLibrary] AndroidManifest.xml:62:17-57
69                android:value="true" />
69-->[:unityLibrary] AndroidManifest.xml:63:17-37
70            <meta-data
70-->[:unityLibrary] AndroidManifest.xml:64:13-66:40
71                android:name="android.notch_support"
71-->[:unityLibrary] AndroidManifest.xml:65:17-53
72                android:value="true" />
72-->[:unityLibrary] AndroidManifest.xml:66:17-37
73            <meta-data
73-->[:unityLibrary] AndroidManifest.xml:67:13-69:40
74                android:name="com.oculus.vr.focusaware"
74-->[:unityLibrary] AndroidManifest.xml:68:17-56
75                android:value="true" />
75-->[:unityLibrary] AndroidManifest.xml:69:17-37
76        </activity>
77
78        <meta-data
78-->[:unityLibrary] AndroidManifest.xml:72:9-74:33
79            android:name="unity.splash-mode"
79-->[:unityLibrary] AndroidManifest.xml:73:13-45
80            android:value="0" />
80-->[:unityLibrary] AndroidManifest.xml:74:13-30
81        <meta-data
81-->[:unityLibrary] AndroidManifest.xml:75:9-77:36
82            android:name="unity.splash-enable"
82-->[:unityLibrary] AndroidManifest.xml:76:13-47
83            android:value="True" />
83-->[:unityLibrary] AndroidManifest.xml:77:13-33
84        <meta-data
84-->[:unityLibrary] AndroidManifest.xml:78:9-80:36
85            android:name="unity.launch-fullscreen"
85-->[:unityLibrary] AndroidManifest.xml:79:13-51
86            android:value="True" />
86-->[:unityLibrary] AndroidManifest.xml:80:13-33
87        <meta-data
87-->[:unityLibrary] AndroidManifest.xml:81:9-83:37
88            android:name="unity.allow-resizable-window"
88-->[:unityLibrary] AndroidManifest.xml:82:13-56
89            android:value="False" />
89-->[:unityLibrary] AndroidManifest.xml:83:13-34
90        <meta-data
90-->[:unityLibrary] AndroidManifest.xml:84:9-86:50
91            android:name="notch.config"
91-->[:unityLibrary] AndroidManifest.xml:85:13-40
92            android:value="portrait|landscape" />
92-->[:unityLibrary] AndroidManifest.xml:86:13-47
93        <meta-data
93-->[:unityLibrary] AndroidManifest.xml:87:9-89:39
94            android:name="com.samsung.android.vr.application.mode"
94-->[:unityLibrary] AndroidManifest.xml:88:13-67
95            android:value="vr_only" />
95-->[:unityLibrary] AndroidManifest.xml:89:13-36
96        <meta-data
96-->[:unityLibrary] AndroidManifest.xml:90:9-92:37
97            android:name="com.unity.xr.oculus.LowOverheadMode"
97-->[:unityLibrary] AndroidManifest.xml:91:13-63
98            android:value="false" />
98-->[:unityLibrary] AndroidManifest.xml:92:13-34
99        <meta-data
99-->[:unityLibrary] AndroidManifest.xml:93:9-95:37
100            android:name="com.unity.xr.oculus.LateLatching"
100-->[:unityLibrary] AndroidManifest.xml:94:13-60
101            android:value="false" />
101-->[:unityLibrary] AndroidManifest.xml:95:13-34
102        <meta-data
102-->[:unityLibrary] AndroidManifest.xml:96:9-98:37
103            android:name="com.unity.xr.oculus.LateLatchingDebug"
103-->[:unityLibrary] AndroidManifest.xml:97:13-65
104            android:value="false" />
104-->[:unityLibrary] AndroidManifest.xml:98:13-34
105        <meta-data
105-->[:unityLibrary] AndroidManifest.xml:99:9-101:44
106            android:name="com.oculus.supportedDevices"
106-->[:unityLibrary] AndroidManifest.xml:100:13-55
107            android:value="quest|quest2" />
107-->[:unityLibrary] AndroidManifest.xml:101:13-41
108    </application>
109
110</manifest>